<?xml version="1.0" encoding="UTF-8"?>
<testng-results skipped="0" failed="0" total="1" passed="1">
  <reporter-output>
  </reporter-output>
  <suite name="Default suite" duration-ms="827" started-at="2017-01-23T19:53:41Z" finished-at="2017-01-23T19:53:41Z">
    <groups>
    </groups>
    <test name="Default test" duration-ms="827" started-at="2017-01-23T19:53:41Z" finished-at="2017-01-23T19:53:41Z">
      <class name="gitdemo1.EbayEx">
        <test-method status="PASS" signature="beforeSuite()[pri:0, instance:gitdemo1.EbayEx@16c0663d]" name="beforeSuite" is-config="true" duration-ms="14935" started-at="2017-01-23T11:53:26Z" finished-at="2017-01-23T11:53:41Z">
          <reporter-output>
          </reporter-output>
        </test-method> <!-- beforeSuite -->
        <test-method status="PASS" signature="verifyTitle()[pri:0, instance:gitdemo1.EbayEx@16c0663d]" name="verifyTitle" duration-ms="807" started-at="2017-01-23T11:53:41Z" finished-at="2017-01-23T11:53:41Z">
          <reporter-output>
          </reporter-output>
        </test-method> <!-- verifyTitle -->
        <test-method status="PASS" signature="afterSuite()[pri:0, instance:gitdemo1.EbayEx@16c0663d]" name="afterSuite" is-config="true" duration-ms="3544" started-at="2017-01-23T11:53:42Z" finished-at="2017-01-23T11:53:45Z">
          <reporter-output>
          </reporter-output>
        </test-method> <!-- afterSuite -->
      </class> <!-- gitdemo1.EbayEx -->
    </test> <!-- Default test -->
  </suite> <!-- Default suite -->
</testng-results>
