<?xml version="1.0" encoding="UTF-8"?>
<testng-results skipped="0" failed="0" total="1" passed="1">
  <reporter-output>
  </reporter-output>
  <suite name="Suite" duration-ms="177" started-at="2016-10-25T20:33:26Z" finished-at="2016-10-25T20:33:26Z">
    <groups>
    </groups>
    <test name="Test" duration-ms="177" started-at="2016-10-25T20:33:26Z" finished-at="2016-10-25T20:33:26Z">
      <class name="com.jenkins.JenkinsMaven.JenkinsDemoMaven">
        <test-method status="PASS" signature="beforeSuite()[pri:0, instance:com.jenkins.JenkinsMaven.JenkinsDemoMaven@1888ff2c]" name="beforeSuite" is-config="true" duration-ms="10711" started-at="2016-10-25T13:33:15Z" finished-at="2016-10-25T13:33:26Z">
          <reporter-output>
          </reporter-output>
        </test-method> <!-- beforeSuite -->
        <test-method status="PASS" signature="verifyTitle()[pri:0, instance:com.jenkins.JenkinsMaven.JenkinsDemoMaven@1888ff2c]" name="verifyTitle" duration-ms="158" started-at="2016-10-25T13:33:26Z" finished-at="2016-10-25T13:33:26Z">
          <reporter-output>
          </reporter-output>
        </test-method> <!-- verifyTitle -->
      </class> <!-- com.jenkins.JenkinsMaven.JenkinsDemoMaven -->
    </test> <!-- Test -->
  </suite> <!-- Suite -->
</testng-results>
